2025-11-18T00:56:42.859+05:30  WARN 27464 --- [AutoScaleApi] [HikariPool-4:housekeeper] com.zaxxer.hikari.pool.HikariPool        : HikariPool-4 - Thread starvation or clock leap detected (housekeeper delta=3h17s405ms942µs800ns).
2025-11-18T08:08:27.195+05:30  WARN 27464 --- [AutoScaleApi] [HikariPool-4:housekeeper] com.zaxxer.hikari.pool.HikariPool        : HikariPool-4 - Thread starvation or clock leap detected (housekeeper delta=7h11m50s350ms737µs700ns).
2025-11-18T10:11:35.236+05:30  WARN 27464 --- [AutoScaleApi] [HikariPool-4:housekeeper] com.zaxxer.hikari.pool.HikariPool        : HikariPool-4 - Thread starvation or clock leap detected (housekeeper delta=1h30m37s980ms274µs500ns).
2025-11-18T10:44:00.181+05:30  INFO 27464 --- [AutoScaleApi] [RMI TCP Connection(245)-127.0.0.1] inMXBeanRegistrar$SpringApplicationAdmin : Application shutdown requested.
2025-11-18T10:44:00.275+05:30  INFO 27464 --- [AutoScaleApi] [RMI TCP Connection(245)-127.0.0.1] o.s.b.w.e.tomcat.GracefulShutdown        : Commencing graceful shutdown. Waiting for active requests to complete
2025-11-18T10:44:00.309+05:30  INFO 27464 --- [AutoScaleApi] [tomcat-shutdown] o.s.b.w.e.tomcat.GracefulShutdown        : Graceful shutdown complete
2025-11-18T10:44:00.344+05:30  INFO 27464 --- [AutoScaleApi] [RMI TCP Connection(245)-127.0.0.1] j.LocalContainerEntityManagerFactoryBean : Closing JPA EntityManagerFactory for persistence unit 'default'
2025-11-18T10:44:00.382+05:30  INFO 27464 --- [AutoScaleApi] [RMI TCP Connection(245)-127.0.0.1] com.zaxxer.hikari.HikariDataSource       : HikariPool-4 - Shutdown initiated...
2025-11-18T10:44:00.392+05:30  INFO 27464 --- [AutoScaleApi] [RMI TCP Connection(245)-127.0.0.1] com.zaxxer.hikari.HikariDataSource       : HikariPool-4 - Shutdown completed.
2025-11-18T10:47:34.740+05:30  INFO 13660 --- [AutoScaleApi] [restartedMain] c.s.A.AutoScaleApiApplication            : Starting AutoScaleApiApplication using Java 21.0.6 with PID 13660 (C:\Users\2403435\OneDrive - Cognizant\Desktop\Bluebolt\AutoScaleApi\target\classes started by 2403435 in C:\Users\2403435\OneDrive - Cognizant\Desktop\Bluebolt\AutoScaleApi)
2025-11-18T10:47:34.745+05:30  INFO 13660 --- [AutoScaleApi] [restartedMain] c.s.A.AutoScaleApiApplication            : No active profile set, falling back to 1 default profile: "default"
2025-11-18T10:47:34.849+05:30  INFO 13660 --- [AutoScaleApi] [restartedMain] .e.DevToolsPropertyDefaultsPostProcessor : Devtools property defaults active! Set 'spring.devtools.add-properties' to 'false' to disable
2025-11-18T10:47:34.849+05:30  INFO 13660 --- [AutoScaleApi] [restartedMain] .e.DevToolsPropertyDefaultsPostProcessor : For additional web related logging consider setting the 'logging.level.web' property to 'DEBUG'
2025-11-18T10:47:36.298+05:30  INFO 13660 --- [AutoScaleApi] [restartedMain] .s.d.r.c.RepositoryConfigurationDelegate : Bootstrapping Spring Data JPA repositories in DEFAULT mode.
2025-11-18T10:47:36.406+05:30  INFO 13660 --- [AutoScaleApi] [restartedMain] .s.d.r.c.RepositoryConfigurationDelegate : Finished Spring Data repository scanning in 87 ms. Found 1 JPA repository interface.
2025-11-18T10:47:37.544+05:30  INFO 13660 --- [AutoScaleApi] [restartedMain] o.s.b.w.embedded.tomcat.TomcatWebServer  : Tomcat initialized with port 6767 (http)
2025-11-18T10:47:37.574+05:30  INFO 13660 --- [AutoScaleApi] [restartedMain] o.apache.catalina.core.StandardService   : Starting service [Tomcat]
2025-11-18T10:47:37.575+05:30  INFO 13660 --- [AutoScaleApi] [restartedMain] o.apache.catalina.core.StandardEngine    : Starting Servlet engine: [Apache Tomcat/10.1.48]
2025-11-18T10:47:37.690+05:30  INFO 13660 --- [AutoScaleApi] [restartedMain] o.a.c.c.C.[Tomcat].[localhost].[/]       : Initializing Spring embedded WebApplicationContext
2025-11-18T10:47:37.691+05:30  INFO 13660 --- [AutoScaleApi] [restartedMain] w.s.c.ServletWebServerApplicationContext : Root WebApplicationContext: initialization completed in 2840 ms
2025-11-18T10:47:38.030+05:30  INFO 13660 --- [AutoScaleApi] [restartedMain] o.hibernate.jpa.internal.util.LogHelper  : HHH000204: Processing PersistenceUnitInfo [name: default]
2025-11-18T10:47:38.167+05:30  INFO 13660 --- [AutoScaleApi] [restartedMain] org.hibernate.Version                    : HHH000412: Hibernate ORM core version 6.6.33.Final
2025-11-18T10:47:38.248+05:30  INFO 13660 --- [AutoScaleApi] [restartedMain] o.h.c.internal.RegionFactoryInitiator    : HHH000026: Second-level cache disabled
2025-11-18T10:47:38.867+05:30  INFO 13660 --- [AutoScaleApi] [restartedMain] o.s.o.j.p.SpringPersistenceUnitInfo      : No LoadTimeWeaver setup: ignoring JPA class transformer
2025-11-18T10:47:38.957+05:30  INFO 13660 --- [AutoScaleApi] [restartedMain] com.zaxxer.hikari.HikariDataSource       : HikariPool-1 - Starting...
2025-11-18T10:47:40.127+05:30  INFO 13660 --- [AutoScaleApi] [restartedMain] com.zaxxer.hikari.pool.HikariPool        : HikariPool-1 - Added connection com.mysql.cj.jdbc.ConnectionImpl@3c7ada44
2025-11-18T10:47:40.142+05:30  INFO 13660 --- [AutoScaleApi] [restartedMain] com.zaxxer.hikari.HikariDataSource       : HikariPool-1 - Start completed.
2025-11-18T10:47:40.566+05:30  INFO 13660 --- [AutoScaleApi] [restartedMain] org.hibernate.orm.connections.pooling    : HHH10001005: Database info:
	Database JDBC URL [Connecting through datasource 'HikariDataSource (HikariPool-1)']
	Database driver: undefined/unknown
	Database version: 8.0.41
	Autocommit mode: undefined/unknown
	Isolation level: undefined/unknown
	Minimum pool size: undefined/unknown
	Maximum pool size: undefined/unknown
2025-11-18T10:47:43.260+05:30  INFO 13660 --- [AutoScaleApi] [restartedMain] o.h.e.t.j.p.i.JtaPlatformInitiator       : HHH000489: No JTA platform available (set 'hibernate.transaction.jta.platform' to enable JTA platform integration)
2025-11-18T10:47:43.433+05:30  INFO 13660 --- [AutoScaleApi] [restartedMain] j.LocalContainerEntityManagerFactoryBean : Initialized JPA EntityManagerFactory for persistence unit 'default'
2025-11-18T10:47:44.802+05:30  WARN 13660 --- [AutoScaleApi] [restartedMain] JpaBaseConfiguration$JpaWebConfiguration : spring.jpa.open-in-view is enabled by default. Therefore, database queries may be performed during view rendering. Explicitly configure spring.jpa.open-in-view to disable this warning
2025-11-18T10:47:45.942+05:30  INFO 13660 --- [AutoScaleApi] [restartedMain] o.s.b.d.a.OptionalLiveReloadServer       : LiveReload server is running on port 35729
2025-11-18T10:47:46.091+05:30  INFO 13660 --- [AutoScaleApi] [restartedMain] o.s.b.w.embedded.tomcat.TomcatWebServer  : Tomcat started on port 6767 (http) with context path '/'
2025-11-18T10:47:46.108+05:30  INFO 13660 --- [AutoScaleApi] [restartedMain] c.s.A.AutoScaleApiApplication            : Started AutoScaleApiApplication in 12.195 seconds (process running for 14.333)
2025-11-18T10:47:47.569+05:30  INFO 13660 --- [AutoScaleApi] [http-nio-6767-exec-2] o.a.c.c.C.[Tomcat].[localhost].[/]       : Initializing Spring DispatcherServlet 'dispatcherServlet'
2025-11-18T10:47:47.571+05:30  INFO 13660 --- [AutoScaleApi] [http-nio-6767-exec-2] o.s.web.servlet.DispatcherServlet        : Initializing Servlet 'dispatcherServlet'
2025-11-18T10:47:47.578+05:30  INFO 13660 --- [AutoScaleApi] [http-nio-6767-exec-2] o.s.web.servlet.DispatcherServlet        : Completed initialization in 2 ms
2025-11-18T10:47:49.023+05:30  INFO 13660 --- [AutoScaleApi] [http-nio-6767-exec-3] o.springdoc.api.AbstractOpenApiResource  : Init duration for springdoc-openapi is: 541 ms
2025-11-18T10:48:51.599+05:30  INFO 13660 --- [AutoScaleApi] [File Watcher] rtingClassPathChangeChangedEventListener : Restarting due to 1 class path change (0 additions, 0 deletions, 1 modification)
2025-11-18T10:48:51.604+05:30  INFO 13660 --- [AutoScaleApi] [Thread-5] o.s.b.w.e.tomcat.GracefulShutdown        : Commencing graceful shutdown. Waiting for active requests to complete
2025-11-18T10:48:51.614+05:30  INFO 13660 --- [AutoScaleApi] [tomcat-shutdown] o.s.b.w.e.tomcat.GracefulShutdown        : Graceful shutdown complete
2025-11-18T10:48:51.620+05:30  INFO 13660 --- [AutoScaleApi] [Thread-5] j.LocalContainerEntityManagerFactoryBean : Closing JPA EntityManagerFactory for persistence unit 'default'
2025-11-18T10:48:51.623+05:30  INFO 13660 --- [AutoScaleApi] [Thread-5] com.zaxxer.hikari.HikariDataSource       : HikariPool-1 - Shutdown initiated...
2025-11-18T10:48:51.635+05:30  INFO 13660 --- [AutoScaleApi] [Thread-5] com.zaxxer.hikari.HikariDataSource       : HikariPool-1 - Shutdown completed.
2025-11-18T10:48:51.764+05:30  INFO 13660 --- [AutoScaleApi] [restartedMain] c.s.A.AutoScaleApiApplication            : Starting AutoScaleApiApplication using Java 21.0.6 with PID 13660 (C:\Users\2403435\OneDrive - Cognizant\Desktop\Bluebolt\AutoScaleApi\target\classes started by 2403435 in C:\Users\2403435\OneDrive - Cognizant\Desktop\Bluebolt\AutoScaleApi)
2025-11-18T10:48:51.764+05:30  INFO 13660 --- [AutoScaleApi] [restartedMain] c.s.A.AutoScaleApiApplication            : No active profile set, falling back to 1 default profile: "default"
2025-11-18T10:48:52.064+05:30  INFO 13660 --- [AutoScaleApi] [restartedMain] .s.d.r.c.RepositoryConfigurationDelegate : Bootstrapping Spring Data JPA repositories in DEFAULT mode.
2025-11-18T10:48:52.083+05:30  INFO 13660 --- [AutoScaleApi] [restartedMain] .s.d.r.c.RepositoryConfigurationDelegate : Finished Spring Data repository scanning in 17 ms. Found 1 JPA repository interface.
2025-11-18T10:48:52.203+05:30  INFO 13660 --- [AutoScaleApi] [restartedMain] o.s.b.w.embedded.tomcat.TomcatWebServer  : Tomcat initialized with port 6767 (http)
2025-11-18T10:48:52.205+05:30  INFO 13660 --- [AutoScaleApi] [restartedMain] o.apache.catalina.core.StandardService   : Starting service [Tomcat]
2025-11-18T10:48:52.205+05:30  INFO 13660 --- [AutoScaleApi] [restartedMain] o.apache.catalina.core.StandardEngine    : Starting Servlet engine: [Apache Tomcat/10.1.48]
2025-11-18T10:48:52.239+05:30  INFO 13660 --- [AutoScaleApi] [restartedMain] o.a.c.c.C.[Tomcat].[localhost].[/]       : Initializing Spring embedded WebApplicationContext
2025-11-18T10:48:52.239+05:30  INFO 13660 --- [AutoScaleApi] [restartedMain] w.s.c.ServletWebServerApplicationContext : Root WebApplicationContext: initialization completed in 472 ms
2025-11-18T10:48:52.289+05:30  INFO 13660 --- [AutoScaleApi] [restartedMain] o.hibernate.jpa.internal.util.LogHelper  : HHH000204: Processing PersistenceUnitInfo [name: default]
2025-11-18T10:48:52.294+05:30  INFO 13660 --- [AutoScaleApi] [restartedMain] o.h.c.internal.RegionFactoryInitiator    : HHH000026: Second-level cache disabled
2025-11-18T10:48:52.307+05:30  INFO 13660 --- [AutoScaleApi] [restartedMain] o.s.o.j.p.SpringPersistenceUnitInfo      : No LoadTimeWeaver setup: ignoring JPA class transformer
2025-11-18T10:48:52.308+05:30  INFO 13660 --- [AutoScaleApi] [restartedMain] com.zaxxer.hikari.HikariDataSource       : HikariPool-2 - Starting...
2025-11-18T10:48:52.332+05:30  INFO 13660 --- [AutoScaleApi] [restartedMain] com.zaxxer.hikari.pool.HikariPool        : HikariPool-2 - Added connection com.mysql.cj.jdbc.ConnectionImpl@4b5741ef
2025-11-18T10:48:52.332+05:30  INFO 13660 --- [AutoScaleApi] [restartedMain] com.zaxxer.hikari.HikariDataSource       : HikariPool-2 - Start completed.
2025-11-18T10:48:52.334+05:30  INFO 13660 --- [AutoScaleApi] [restartedMain] org.hibernate.orm.connections.pooling    : HHH10001005: Database info:
	Database JDBC URL [Connecting through datasource 'HikariDataSource (HikariPool-2)']
	Database driver: undefined/unknown
	Database version: 8.0.41
	Autocommit mode: undefined/unknown
	Isolation level: undefined/unknown
	Minimum pool size: undefined/unknown
	Maximum pool size: undefined/unknown
2025-11-18T10:48:52.378+05:30  INFO 13660 --- [AutoScaleApi] [restartedMain] o.h.e.t.j.p.i.JtaPlatformInitiator       : HHH000489: No JTA platform available (set 'hibernate.transaction.jta.platform' to enable JTA platform integration)
2025-11-18T10:48:52.390+05:30  INFO 13660 --- [AutoScaleApi] [restartedMain] j.LocalContainerEntityManagerFactoryBean : Initialized JPA EntityManagerFactory for persistence unit 'default'
2025-11-18T10:48:52.572+05:30  WARN 13660 --- [AutoScaleApi] [restartedMain] JpaBaseConfiguration$JpaWebConfiguration : spring.jpa.open-in-view is enabled by default. Therefore, database queries may be performed during view rendering. Explicitly configure spring.jpa.open-in-view to disable this warning
2025-11-18T10:48:52.816+05:30  INFO 13660 --- [AutoScaleApi] [restartedMain] o.s.b.d.a.OptionalLiveReloadServer       : LiveReload server is running on port 35729
2025-11-18T10:48:52.837+05:30  INFO 13660 --- [AutoScaleApi] [restartedMain] o.s.b.w.embedded.tomcat.TomcatWebServer  : Tomcat started on port 6767 (http) with context path '/'
2025-11-18T10:48:52.841+05:30  INFO 13660 --- [AutoScaleApi] [restartedMain] c.s.A.AutoScaleApiApplication            : Started AutoScaleApiApplication in 1.118 seconds (process running for 81.066)
2025-11-18T10:48:52.845+05:30  INFO 13660 --- [AutoScaleApi] [restartedMain] .ConditionEvaluationDeltaLoggingListener : Condition evaluation unchanged
2025-11-18T10:49:04.956+05:30  INFO 13660 --- [AutoScaleApi] [http-nio-6767-exec-1] o.a.c.c.C.[Tomcat].[localhost].[/]       : Initializing Spring DispatcherServlet 'dispatcherServlet'
2025-11-18T10:49:04.957+05:30  INFO 13660 --- [AutoScaleApi] [http-nio-6767-exec-1] o.s.web.servlet.DispatcherServlet        : Initializing Servlet 'dispatcherServlet'
2025-11-18T10:49:04.958+05:30  INFO 13660 --- [AutoScaleApi] [http-nio-6767-exec-1] o.s.web.servlet.DispatcherServlet        : Completed initialization in 1 ms
2025-11-18T10:49:07.578+05:30  INFO 13660 --- [AutoScaleApi] [http-nio-6767-exec-4] o.springdoc.api.AbstractOpenApiResource  : Init duration for springdoc-openapi is: 131 ms
2025-11-18T10:52:05.026+05:30  INFO 13660 --- [AutoScaleApi] [RMI TCP Connection(8)-127.0.0.1] inMXBeanRegistrar$SpringApplicationAdmin : Application shutdown requested.
2025-11-18T10:52:05.029+05:30  INFO 13660 --- [AutoScaleApi] [RMI TCP Connection(8)-127.0.0.1] o.s.b.w.e.tomcat.GracefulShutdown        : Commencing graceful shutdown. Waiting for active requests to complete
2025-11-18T10:52:05.060+05:30  INFO 13660 --- [AutoScaleApi] [tomcat-shutdown] o.s.b.w.e.tomcat.GracefulShutdown        : Graceful shutdown complete
2025-11-18T10:52:05.068+05:30  INFO 13660 --- [AutoScaleApi] [RMI TCP Connection(8)-127.0.0.1] j.LocalContainerEntityManagerFactoryBean : Closing JPA EntityManagerFactory for persistence unit 'default'
2025-11-18T10:52:05.070+05:30  INFO 13660 --- [AutoScaleApi] [RMI TCP Connection(8)-127.0.0.1] com.zaxxer.hikari.HikariDataSource       : HikariPool-2 - Shutdown initiated...
2025-11-18T10:52:05.085+05:30  INFO 13660 --- [AutoScaleApi] [RMI TCP Connection(8)-127.0.0.1] com.zaxxer.hikari.HikariDataSource       : HikariPool-2 - Shutdown completed.
2025-11-18T10:53:10.575+05:30  INFO 34924 --- [AutoScaleApi] [restartedMain] c.s.A.AutoScaleApiApplication            : Starting AutoScaleApiApplication using Java 21.0.6 with PID 34924 (C:\Users\2403435\OneDrive - Cognizant\Desktop\Bluebolt\AutoScaleApi\target\classes started by 2403435 in C:\Users\2403435\OneDrive - Cognizant\Desktop\Bluebolt\AutoScaleApi)
2025-11-18T10:53:10.577+05:30  INFO 34924 --- [AutoScaleApi] [restartedMain] c.s.A.AutoScaleApiApplication            : No active profile set, falling back to 1 default profile: "default"
2025-11-18T10:53:10.647+05:30  INFO 34924 --- [AutoScaleApi] [restartedMain] .e.DevToolsPropertyDefaultsPostProcessor : Devtools property defaults active! Set 'spring.devtools.add-properties' to 'false' to disable
2025-11-18T10:53:10.647+05:30  INFO 34924 --- [AutoScaleApi] [restartedMain] .e.DevToolsPropertyDefaultsPostProcessor : For additional web related logging consider setting the 'logging.level.web' property to 'DEBUG'
2025-11-18T10:53:11.943+05:30  INFO 34924 --- [AutoScaleApi] [restartedMain] .s.d.r.c.RepositoryConfigurationDelegate : Bootstrapping Spring Data JPA repositories in DEFAULT mode.
2025-11-18T10:53:12.039+05:30  INFO 34924 --- [AutoScaleApi] [restartedMain] .s.d.r.c.RepositoryConfigurationDelegate : Finished Spring Data repository scanning in 83 ms. Found 1 JPA repository interface.
2025-11-18T10:53:13.140+05:30  INFO 34924 --- [AutoScaleApi] [restartedMain] o.s.b.w.embedded.tomcat.TomcatWebServer  : Tomcat initialized with port 6767 (http)
2025-11-18T10:53:13.176+05:30  INFO 34924 --- [AutoScaleApi] [restartedMain] o.apache.catalina.core.StandardService   : Starting service [Tomcat]
2025-11-18T10:53:13.178+05:30  INFO 34924 --- [AutoScaleApi] [restartedMain] o.apache.catalina.core.StandardEngine    : Starting Servlet engine: [Apache Tomcat/10.1.48]
2025-11-18T10:53:13.272+05:30  INFO 34924 --- [AutoScaleApi] [restartedMain] o.a.c.c.C.[Tomcat].[localhost].[/]       : Initializing Spring embedded WebApplicationContext
2025-11-18T10:53:13.272+05:30  INFO 34924 --- [AutoScaleApi] [restartedMain] w.s.c.ServletWebServerApplicationContext : Root WebApplicationContext: initialization completed in 2623 ms
2025-11-18T10:53:13.625+05:30  INFO 34924 --- [AutoScaleApi] [restartedMain] o.hibernate.jpa.internal.util.LogHelper  : HHH000204: Processing PersistenceUnitInfo [name: default]
2025-11-18T10:53:13.725+05:30  INFO 34924 --- [AutoScaleApi] [restartedMain] org.hibernate.Version                    : HHH000412: Hibernate ORM core version 6.6.33.Final
2025-11-18T10:53:13.777+05:30  INFO 34924 --- [AutoScaleApi] [restartedMain] o.h.c.internal.RegionFactoryInitiator    : HHH000026: Second-level cache disabled
2025-11-18T10:53:14.334+05:30  INFO 34924 --- [AutoScaleApi] [restartedMain] o.s.o.j.p.SpringPersistenceUnitInfo      : No LoadTimeWeaver setup: ignoring JPA class transformer
2025-11-18T10:53:14.411+05:30  INFO 34924 --- [AutoScaleApi] [restartedMain] com.zaxxer.hikari.HikariDataSource       : HikariPool-1 - Starting...
2025-11-18T10:53:15.002+05:30  INFO 34924 --- [AutoScaleApi] [restartedMain] com.zaxxer.hikari.pool.HikariPool        : HikariPool-1 - Added connection com.mysql.cj.jdbc.ConnectionImpl@a27962f
2025-11-18T10:53:15.008+05:30  INFO 34924 --- [AutoScaleApi] [restartedMain] com.zaxxer.hikari.HikariDataSource       : HikariPool-1 - Start completed.
2025-11-18T10:53:15.216+05:30  INFO 34924 --- [AutoScaleApi] [restartedMain] org.hibernate.orm.connections.pooling    : HHH10001005: Database info:
	Database JDBC URL [Connecting through datasource 'HikariDataSource (HikariPool-1)']
	Database driver: undefined/unknown
	Database version: 8.0.41
	Autocommit mode: undefined/unknown
	Isolation level: undefined/unknown
	Minimum pool size: undefined/unknown
	Maximum pool size: undefined/unknown
2025-11-18T10:53:16.323+05:30  INFO 34924 --- [AutoScaleApi] [restartedMain] o.h.e.t.j.p.i.JtaPlatformInitiator       : HHH000489: No JTA platform available (set 'hibernate.transaction.jta.platform' to enable JTA platform integration)
2025-11-18T10:53:16.386+05:30  INFO 34924 --- [AutoScaleApi] [restartedMain] j.LocalContainerEntityManagerFactoryBean : Initialized JPA EntityManagerFactory for persistence unit 'default'
2025-11-18T10:53:16.943+05:30  WARN 34924 --- [AutoScaleApi] [restartedMain] JpaBaseConfiguration$JpaWebConfiguration : spring.jpa.open-in-view is enabled by default. Therefore, database queries may be performed during view rendering. Explicitly configure spring.jpa.open-in-view to disable this warning
2025-11-18T10:53:17.515+05:30  INFO 34924 --- [AutoScaleApi] [restartedMain] o.s.b.d.a.OptionalLiveReloadServer       : LiveReload server is running on port 35729
2025-11-18T10:53:17.571+05:30  INFO 34924 --- [AutoScaleApi] [restartedMain] o.s.b.w.embedded.tomcat.TomcatWebServer  : Tomcat started on port 6767 (http) with context path '/'
2025-11-18T10:53:17.578+05:30  INFO 34924 --- [AutoScaleApi] [restartedMain] c.s.A.AutoScaleApiApplication            : Started AutoScaleApiApplication in 7.592 seconds (process running for 8.442)
2025-11-18T10:54:11.696+05:30  INFO 34924 --- [AutoScaleApi] [http-nio-6767-exec-1] o.a.c.c.C.[Tomcat].[localhost].[/]       : Initializing Spring DispatcherServlet 'dispatcherServlet'
2025-11-18T10:54:11.697+05:30  INFO 34924 --- [AutoScaleApi] [http-nio-6767-exec-1] o.s.web.servlet.DispatcherServlet        : Initializing Servlet 'dispatcherServlet'
2025-11-18T10:54:11.699+05:30  INFO 34924 --- [AutoScaleApi] [http-nio-6767-exec-1] o.s.web.servlet.DispatcherServlet        : Completed initialization in 2 ms
2025-11-18T10:54:12.752+05:30  INFO 34924 --- [AutoScaleApi] [http-nio-6767-exec-3] o.springdoc.api.AbstractOpenApiResource  : Init duration for springdoc-openapi is: 591 ms
2025-11-18T10:55:22.101+05:30  INFO 34924 --- [AutoScaleApi] [RMI TCP Connection(4)-127.0.0.1] inMXBeanRegistrar$SpringApplicationAdmin : Application shutdown requested.
2025-11-18T10:55:22.110+05:30  INFO 34924 --- [AutoScaleApi] [RMI TCP Connection(4)-127.0.0.1] o.s.b.w.e.tomcat.GracefulShutdown        : Commencing graceful shutdown. Waiting for active requests to complete
2025-11-18T10:55:22.117+05:30  INFO 34924 --- [AutoScaleApi] [tomcat-shutdown] o.s.b.w.e.tomcat.GracefulShutdown        : Graceful shutdown complete
2025-11-18T10:55:22.137+05:30  INFO 34924 --- [AutoScaleApi] [RMI TCP Connection(4)-127.0.0.1] j.LocalContainerEntityManagerFactoryBean : Closing JPA EntityManagerFactory for persistence unit 'default'
2025-11-18T10:55:22.143+05:30  INFO 34924 --- [AutoScaleApi] [RMI TCP Connection(4)-127.0.0.1] com.zaxxer.hikari.HikariDataSource       : HikariPool-1 - Shutdown initiated...
2025-11-18T10:55:22.154+05:30  INFO 34924 --- [AutoScaleApi] [RMI TCP Connection(4)-127.0.0.1] com.zaxxer.hikari.HikariDataSource       : HikariPool-1 - Shutdown completed.
